{"C:\\Users\\eduar\\Downloads\\Desafio2_Compass\\src\\modules\\store\\store.controller.ts": {"path":"C:\\Users\\eduar\\Downloads\\Desafio2_Compass\\src\\modules\\store\\store.controller.ts","statementMap":{"0":{"start":{"line":2,"column":0},"end":{"line":2,"column":63}},"1":{"start":{"line":3,"column":0},"end":{"line":3,"column":79}},"2":{"start":{"line":4,"column":0},"end":{"line":4,"column":47}},"3":{"start":{"line":5,"column":0},"end":{"line":5,"column":60}},"4":{"start":{"line":6,"column":0},"end":{"line":6,"column":58}},"5":{"start":{"line":10,"column":7},"end":{"line":72,"column":null}},"6":{"start":{"line":11,"column":31},"end":{"line":11,"column":45}},"7":{"start":{"line":21,"column":4},"end":{"line":21,"column":39}},"8":{"start":{"line":35,"column":4},"end":{"line":35,"column":73}},"9":{"start":{"line":51,"column":4},"end":{"line":51,"column":42}},"10":{"start":{"line":70,"column":4},"end":{"line":70,"column":59}},"11":{"start":{"line":10,"column":13},"end":{"line":10,"column":28}},"12":{"start":{"line":20,"column":8},"end":{"line":22,"column":null}},"13":{"start":{"line":34,"column":8},"end":{"line":36,"column":null}},"14":{"start":{"line":50,"column":8},"end":{"line":52,"column":null}},"15":{"start":{"line":69,"column":8},"end":{"line":71,"column":null}},"16":{"start":{"line":10,"column":13},"end":{"line":72,"column":null}}},"fnMap":{"0":{"name":"(anonymous_4)","decl":{"start":{"line":11,"column":2},"end":{"line":11,"column":31}},"loc":{"start":{"line":11,"column":57},"end":{"line":11,"column":61}}},"1":{"name":"(anonymous_5)","decl":{"start":{"line":20,"column":2},"end":{"line":20,"column":7}},"loc":{"start":{"line":20,"column":15},"end":{"line":22,"column":3}}},"2":{"name":"(anonymous_6)","decl":{"start":{"line":34,"column":2},"end":{"line":34,"column":7}},"loc":{"start":{"line":34,"column":51},"end":{"line":36,"column":3}}},"3":{"name":"(anonymous_7)","decl":{"start":{"line":50,"column":2},"end":{"line":50,"column":7}},"loc":{"start":{"line":50,"column":41},"end":{"line":52,"column":3}}},"4":{"name":"(anonymous_8)","decl":{"start":{"line":69,"column":2},"end":{"line":69,"column":7}},"loc":{"start":{"line":69,"column":44},"end":{"line":71,"column":3}}}},"branchMap":{},"s":{"0":1,"1":1,"2":1,"3":1,"4":1,"5":1,"6":4,"7":1,"8":1,"9":1,"10":1,"11":1,"12":1,"13":1,"14":1,"15":1,"16":1},"f":{"0":4,"1":1,"2":1,"3":1,"4":1},"b":{}}
,"C:\\Users\\eduar\\Downloads\\Desafio2_Compass\\src\\modules\\store\\store.service.ts": {"path":"C:\\Users\\eduar\\Downloads\\Desafio2_Compass\\src\\modules\\store\\store.service.ts","statementMap":{"0":{"start":{"line":2,"column":0},"end":{"line":2,"column":52}},"1":{"start":{"line":3,"column":0},"end":{"line":3,"column":51}},"2":{"start":{"line":4,"column":0},"end":{"line":4,"column":37}},"3":{"start":{"line":5,"column":0},"end":{"line":5,"column":48}},"4":{"start":{"line":6,"column":0},"end":{"line":6,"column":66}},"5":{"start":{"line":7,"column":0},"end":{"line":7,"column":88}},"6":{"start":{"line":8,"column":0},"end":{"line":8,"column":77}},"7":{"start":{"line":10,"column":0},"end":{"line":10,"column":47}},"8":{"start":{"line":11,"column":0},"end":{"line":11,"column":58}},"9":{"start":{"line":14,"column":25},"end":{"line":136,"column":null}},"10":{"start":{"line":20,"column":37},"end":{"line":20,"column":54}},"11":{"start":{"line":21,"column":12},"end":{"line":21,"column":20}},"12":{"start":{"line":22,"column":12},"end":{"line":22,"column":24}},"13":{"start":{"line":23,"column":12},"end":{"line":23,"column":25}},"14":{"start":{"line":24,"column":12},"end":{"line":24,"column":27}},"15":{"start":{"line":25,"column":12},"end":{"line":25,"column":19}},"16":{"start":{"line":15,"column":19},"end":{"line":15,"column":58}},"17":{"start":{"line":27,"column":4},"end":{"line":27,"column":71}},"18":{"start":{"line":28,"column":4},"end":{"line":28,"column":87}},"19":{"start":{"line":32,"column":19},"end":{"line":32,"column":52}},"20":{"start":{"line":33,"column":4},"end":{"line":33,"column":53}},"21":{"start":{"line":33,"column":31},"end":{"line":33,"column":51}},"22":{"start":{"line":37,"column":18},"end":{"line":37,"column":62}},"23":{"start":{"line":38,"column":4},"end":{"line":38,"column":32}},"24":{"start":{"line":42,"column":19},"end":{"line":42,"column":90}},"25":{"start":{"line":43,"column":4},"end":{"line":43,"column":53}},"26":{"start":{"line":43,"column":31},"end":{"line":43,"column":51}},"27":{"start":{"line":47,"column":28},"end":{"line":47,"column":53}},"28":{"start":{"line":48,"column":21},"end":{"line":48,"column":55}},"29":{"start":{"line":49,"column":19},"end":{"line":49,"column":63}},"30":{"start":{"line":50,"column":4},"end":{"line":50,"column":30}},"31":{"start":{"line":50,"column":16},"end":{"line":50,"column":30}},"32":{"start":{"line":52,"column":4},"end":{"line":90,"column":5}},"33":{"start":{"line":53,"column":22},"end":{"line":53,"column":55}},"34":{"start":{"line":55,"column":25},"end":{"line":55,"column":99}},"35":{"start":{"line":57,"column":21},"end":{"line":57,"column":54}},"36":{"start":{"line":58,"column":22},"end":{"line":81,"column":null}},"37":{"start":{"line":60,"column":10},"end":{"line":80,"column":11}},"38":{"start":{"line":62,"column":40},"end":{"line":62,"column":85}},"39":{"start":{"line":63,"column":45},"end":{"line":63,"column":55}},"40":{"start":{"line":64,"column":43},"end":{"line":64,"column":103}},"41":{"start":{"line":66,"column":26},"end":{"line":66,"column":53}},"42":{"start":{"line":67,"column":36},"end":{"line":69,"column":72}},"43":{"start":{"line":71,"column":12},"end":{"line":76,"column":14}},"44":{"start":{"line":78,"column":12},"end":{"line":78,"column":85}},"45":{"start":{"line":79,"column":12},"end":{"line":79,"column":24}},"46":{"start":{"line":84,"column":23},"end":{"line":84,"column":76}},"47":{"start":{"line":84,"column":43},"end":{"line":84,"column":53}},"48":{"start":{"line":85,"column":6},"end":{"line":85,"column":46}},"49":{"start":{"line":86,"column":6},"end":{"line":86,"column":22}},"50":{"start":{"line":88,"column":6},"end":{"line":88,"column":66}},"51":{"start":{"line":89,"column":6},"end":{"line":89,"column":18}},"52":{"start":{"line":94,"column":4},"end":{"line":101,"column":6}},"53":{"start":{"line":105,"column":4},"end":{"line":107,"column":54}},"54":{"start":{"line":111,"column":18},"end":{"line":111,"column":40}},"55":{"start":{"line":113,"column":4},"end":{"line":120,"column":5}},"56":{"start":{"line":114,"column":6},"end":{"line":114,"column":39}},"57":{"start":{"line":115,"column":11},"end":{"line":120,"column":5}},"58":{"start":{"line":116,"column":6},"end":{"line":116,"column":72}},"59":{"start":{"line":118,"column":19},"end":{"line":118,"column":40}},"60":{"start":{"line":119,"column":6},"end":{"line":119,"column":85}},"61":{"start":{"line":121,"column":4},"end":{"line":125,"column":7}},"62":{"start":{"line":129,"column":4},"end":{"line":134,"column":5}},"63":{"start":{"line":130,"column":6},"end":{"line":130,"column":64}},"64":{"start":{"line":132,"column":6},"end":{"line":132,"column":63}},"65":{"start":{"line":133,"column":6},"end":{"line":133,"column":80}},"66":{"start":{"line":14,"column":13},"end":{"line":14,"column":25}},"67":{"start":{"line":14,"column":13},"end":{"line":136,"column":null}}},"fnMap":{"0":{"name":"(anonymous_4)","decl":{"start":{"line":19,"column":2},"end":{"line":19,"column":null}},"loc":{"start":{"line":25,"column":28},"end":{"line":29,"column":3}}},"1":{"name":"(anonymous_5)","decl":{"start":{"line":31,"column":2},"end":{"line":31,"column":7}},"loc":{"start":{"line":31,"column":15},"end":{"line":34,"column":3}}},"2":{"name":"(anonymous_6)","decl":{"start":{"line":33,"column":22},"end":{"line":33,"column":27}},"loc":{"start":{"line":33,"column":31},"end":{"line":33,"column":51}}},"3":{"name":"(anonymous_7)","decl":{"start":{"line":36,"column":2},"end":{"line":36,"column":7}},"loc":{"start":{"line":36,"column":27},"end":{"line":39,"column":3}}},"4":{"name":"(anonymous_8)","decl":{"start":{"line":41,"column":2},"end":{"line":41,"column":7}},"loc":{"start":{"line":41,"column":30},"end":{"line":44,"column":3}}},"5":{"name":"(anonymous_9)","decl":{"start":{"line":43,"column":22},"end":{"line":43,"column":27}},"loc":{"start":{"line":43,"column":31},"end":{"line":43,"column":51}}},"6":{"name":"(anonymous_10)","decl":{"start":{"line":46,"column":2},"end":{"line":46,"column":7}},"loc":{"start":{"line":46,"column":53},"end":{"line":91,"column":3}}},"7":{"name":"(anonymous_11)","decl":{"start":{"line":59,"column":19},"end":{"line":59,"column":24}},"loc":{"start":{"line":59,"column":33},"end":{"line":81,"column":9}}},"8":{"name":"(anonymous_12)","decl":{"start":{"line":84,"column":38},"end":{"line":84,"column":39}},"loc":{"start":{"line":84,"column":43},"end":{"line":84,"column":53}}},"9":{"name":"(anonymous_13)","decl":{"start":{"line":93,"column":10},"end":{"line":93,"column":18}},"loc":{"start":{"line":93,"column":31},"end":{"line":102,"column":3}}},"10":{"name":"(anonymous_14)","decl":{"start":{"line":104,"column":10},"end":{"line":104,"column":24}},"loc":{"start":{"line":104,"column":41},"end":{"line":108,"column":3}}},"11":{"name":"(anonymous_15)","decl":{"start":{"line":110,"column":10},"end":{"line":110,"column":31}},"loc":{"start":{"line":110,"column":55},"end":{"line":126,"column":3}}},"12":{"name":"(anonymous_16)","decl":{"start":{"line":128,"column":10},"end":{"line":128,"column":15}},"loc":{"start":{"line":128,"column":63},"end":{"line":135,"column":3}}}},"branchMap":{"0":{"loc":{"start":{"line":47,"column":28},"end":{"line":47,"column":53}},"type":"binary-expr","locations":[{"start":{"line":47,"column":28},"end":{"line":47,"column":34}},{"start":{"line":47,"column":38},"end":{"line":47,"column":53}}]},"1":{"loc":{"start":{"line":50,"column":4},"end":{"line":50,"column":30}},"type":"if","locations":[{"start":{"line":50,"column":4},"end":{"line":50,"column":30}}]},"2":{"loc":{"start":{"line":67,"column":36},"end":{"line":69,"column":72}},"type":"cond-expr","locations":[{"start":{"line":68,"column":16},"end":{"line":68,"column":52}},{"start":{"line":69,"column":16},"end":{"line":69,"column":72}}]},"3":{"loc":{"start":{"line":74,"column":20},"end":{"line":74,"column":42}},"type":"cond-expr","locations":[{"start":{"line":74,"column":28},"end":{"line":74,"column":33}},{"start":{"line":74,"column":36},"end":{"line":74,"column":42}}]},"4":{"loc":{"start":{"line":105,"column":11},"end":{"line":107,"column":53}},"type":"cond-expr","locations":[{"start":{"line":106,"column":8},"end":{"line":106,"column":47}},{"start":{"line":107,"column":8},"end":{"line":107,"column":53}}]},"5":{"loc":{"start":{"line":113,"column":4},"end":{"line":120,"column":5}},"type":"if","locations":[{"start":{"line":113,"column":4},"end":{"line":120,"column":5}},{"start":{"line":115,"column":11},"end":{"line":120,"column":5}}]},"6":{"loc":{"start":{"line":115,"column":11},"end":{"line":120,"column":5}},"type":"if","locations":[{"start":{"line":115,"column":11},"end":{"line":120,"column":5}},{"start":{"line":117,"column":11},"end":{"line":120,"column":5}}]},"7":{"loc":{"start":{"line":116,"column":48},"end":{"line":116,"column":69}},"type":"cond-expr","locations":[{"start":{"line":116,"column":61},"end":{"line":116,"column":64}},{"start":{"line":116,"column":67},"end":{"line":116,"column":69}}]},"8":{"loc":{"start":{"line":119,"column":35},"end":{"line":119,"column":54}},"type":"cond-expr","locations":[{"start":{"line":119,"column":46},"end":{"line":119,"column":49}},{"start":{"line":119,"column":52},"end":{"line":119,"column":54}}]},"9":{"loc":{"start":{"line":119,"column":62},"end":{"line":119,"column":82}},"type":"cond-expr","locations":[{"start":{"line":119,"column":73},"end":{"line":119,"column":77}},{"start":{"line":119,"column":80},"end":{"line":119,"column":82}}]}},"s":{"0":2,"1":2,"2":2,"3":2,"4":2,"5":2,"6":2,"7":2,"8":2,"9":2,"10":3,"11":3,"12":3,"13":3,"14":3,"15":3,"16":3,"17":3,"18":3,"19":1,"20":1,"21":1,"22":1,"23":1,"24":0,"25":0,"26":0,"27":0,"28":0,"29":0,"30":0,"31":0,"32":0,"33":0,"34":0,"35":0,"36":0,"37":0,"38":0,"39":0,"40":0,"41":0,"42":0,"43":0,"44":0,"45":0,"46":0,"47":0,"48":0,"49":0,"50":0,"51":0,"52":2,"53":0,"54":0,"55":0,"56":0,"57":0,"58":0,"59":0,"60":0,"61":0,"62":0,"63":0,"64":0,"65":0,"66":2,"67":2},"f":{"0":3,"1":1,"2":1,"3":1,"4":0,"5":0,"6":0,"7":0,"8":0,"9":2,"10":0,"11":0,"12":0},"b":{"0":[0,0],"1":[0],"2":[0,0],"3":[0,0],"4":[0,0],"5":[0,0],"6":[0,0],"7":[0,0],"8":[0,0],"9":[0,0]}}
,"C:\\Users\\eduar\\Downloads\\Desafio2_Compass\\src\\modules\\store\\dto\\store-request.dto.ts": {"path":"C:\\Users\\eduar\\Downloads\\Desafio2_Compass\\src\\modules\\store\\dto\\store-request.dto.ts","statementMap":{"0":{"start":{"line":2,"column":0},"end":{"line":2,"column":46}},"1":{"start":{"line":3,"column":0},"end":{"line":3,"column":81}},"2":{"start":{"line":4,"column":0},"end":{"line":4,"column":50}},"3":{"start":{"line":6,"column":0},"end":{"line":6,"column":13}},"4":{"start":{"line":13,"column":2},"end":{"line":13,"column":null}},"5":{"start":{"line":24,"column":2},"end":{"line":24,"column":null}},"6":{"start":{"line":33,"column":2},"end":{"line":33,"column":null}}},"fnMap":{},"branchMap":{},"s":{"0":1,"1":1,"2":1,"3":1,"4":1,"5":1,"6":1},"f":{},"b":{}}
,"C:\\Users\\eduar\\Downloads\\Desafio2_Compass\\src\\modules\\store\\dto\\store-response.dto.ts": {"path":"C:\\Users\\eduar\\Downloads\\Desafio2_Compass\\src\\modules\\store\\dto\\store-response.dto.ts","statementMap":{"0":{"start":{"line":2,"column":0},"end":{"line":2,"column":46}},"1":{"start":{"line":4,"column":0},"end":{"line":4,"column":13}},"2":{"start":{"line":10,"column":2},"end":{"line":10,"column":null}},"3":{"start":{"line":16,"column":2},"end":{"line":16,"column":null}},"4":{"start":{"line":22,"column":2},"end":{"line":22,"column":null}},"5":{"start":{"line":25,"column":0},"end":{"line":25,"column":13}},"6":{"start":{"line":30,"column":2},"end":{"line":30,"column":null}},"7":{"start":{"line":36,"column":2},"end":{"line":36,"column":null}},"8":{"start":{"line":42,"column":2},"end":{"line":42,"column":null}},"9":{"start":{"line":49,"column":2},"end":{"line":49,"column":null}},"10":{"start":{"line":55,"column":2},"end":{"line":55,"column":null}},"11":{"start":{"line":61,"column":2},"end":{"line":61,"column":null}}},"fnMap":{},"branchMap":{},"s":{"0":1,"1":1,"2":1,"3":1,"4":1,"5":1,"6":1,"7":1,"8":1,"9":1,"10":1,"11":1},"f":{},"b":{}}
,"C:\\Users\\eduar\\Downloads\\Desafio2_Compass\\src\\modules\\store\\entities\\store.entity.ts": {"path":"C:\\Users\\eduar\\Downloads\\Desafio2_Compass\\src\\modules\\store\\entities\\store.entity.ts","statementMap":{"0":{"start":{"line":2,"column":0},"end":{"line":2,"column":65}},"1":{"start":{"line":5,"column":7},"end":{"line":32,"column":null}},"2":{"start":{"line":5,"column":13},"end":{"line":5,"column":18}},"3":{"start":{"line":7,"column":2},"end":{"line":7,"column":null}},"4":{"start":{"line":10,"column":2},"end":{"line":10,"column":null}},"5":{"start":{"line":13,"column":2},"end":{"line":13,"column":null}},"6":{"start":{"line":16,"column":2},"end":{"line":16,"column":null}},"7":{"start":{"line":19,"column":2},"end":{"line":19,"column":null}},"8":{"start":{"line":22,"column":2},"end":{"line":22,"column":null}},"9":{"start":{"line":25,"column":2},"end":{"line":25,"column":null}},"10":{"start":{"line":28,"column":2},"end":{"line":28,"column":null}},"11":{"start":{"line":31,"column":2},"end":{"line":31,"column":null}},"12":{"start":{"line":5,"column":13},"end":{"line":32,"column":null}}},"fnMap":{},"branchMap":{},"s":{"0":2,"1":2,"2":2,"3":2,"4":2,"5":2,"6":2,"7":2,"8":2,"9":2,"10":2,"11":2,"12":2},"f":{},"b":{}}
,"C:\\Users\\eduar\\Downloads\\Desafio2_Compass\\src\\shared\\clients\\google-maps.client.ts": {"path":"C:\\Users\\eduar\\Downloads\\Desafio2_Compass\\src\\shared\\clients\\google-maps.client.ts","statementMap":{"0":{"start":{"line":2,"column":0},"end":{"line":2,"column":52}},"1":{"start":{"line":3,"column":0},"end":{"line":3,"column":47}},"2":{"start":{"line":4,"column":0},"end":{"line":4,"column":45}},"3":{"start":{"line":12,"column":29},"end":{"line":65,"column":null}},"4":{"start":{"line":17,"column":22},"end":{"line":17,"column":37}},"5":{"start":{"line":15,"column":19},"end":{"line":15,"column":62}},"6":{"start":{"line":18,"column":4},"end":{"line":18,"column":72}},"7":{"start":{"line":20,"column":4},"end":{"line":20,"column":22}},"8":{"start":{"line":24,"column":4},"end":{"line":41,"column":5}},"9":{"start":{"line":25,"column":23},"end":{"line":27,"column":null}},"10":{"start":{"line":30,"column":6},"end":{"line":32,"column":7}},"11":{"start":{"line":31,"column":8},"end":{"line":31,"column":38}},"12":{"start":{"line":33,"column":18},"end":{"line":33,"column":51}},"13":{"start":{"line":34,"column":6},"end":{"line":34,"column":44}},"14":{"start":{"line":36,"column":6},"end":{"line":36,"column":65}},"15":{"start":{"line":37,"column":6},"end":{"line":39,"column":7}},"16":{"start":{"line":38,"column":8},"end":{"line":38,"column":54}},"17":{"start":{"line":40,"column":6},"end":{"line":40,"column":67}},"18":{"start":{"line":49,"column":18},"end":{"line":49,"column":56}},"19":{"start":{"line":49,"column":35},"end":{"line":49,"column":56}},"20":{"start":{"line":50,"column":14},"end":{"line":50,"column":18}},"21":{"start":{"line":51,"column":17},"end":{"line":51,"column":52}},"22":{"start":{"line":52,"column":17},"end":{"line":52,"column":52}},"23":{"start":{"line":54,"column":6},"end":{"line":58,"column":26}},"24":{"start":{"line":59,"column":14},"end":{"line":59,"column":60}},"25":{"start":{"line":60,"column":15},"end":{"line":60,"column":20}},"26":{"start":{"line":62,"column":21},"end":{"line":62,"column":37}},"27":{"start":{"line":63,"column":4},"end":{"line":63,"column":38}},"28":{"start":{"line":12,"column":13},"end":{"line":12,"column":29}},"29":{"start":{"line":12,"column":13},"end":{"line":65,"column":null}}},"fnMap":{"0":{"name":"(anonymous_3)","decl":{"start":{"line":17,"column":2},"end":{"line":17,"column":22}},"loc":{"start":{"line":17,"column":50},"end":{"line":21,"column":3}}},"1":{"name":"(anonymous_4)","decl":{"start":{"line":23,"column":2},"end":{"line":23,"column":7}},"loc":{"start":{"line":23,"column":38},"end":{"line":42,"column":3}}},"2":{"name":"(anonymous_5)","decl":{"start":{"line":44,"column":2},"end":{"line":44,"column":7}},"loc":{"start":{"line":46,"column":28},"end":{"line":64,"column":3}}},"3":{"name":"(anonymous_6)","decl":{"start":{"line":49,"column":18},"end":{"line":49,"column":19}},"loc":{"start":{"line":49,"column":35},"end":{"line":49,"column":56}}}},"branchMap":{"0":{"loc":{"start":{"line":30,"column":6},"end":{"line":32,"column":7}},"type":"if","locations":[{"start":{"line":30,"column":6},"end":{"line":32,"column":7}}]},"1":{"loc":{"start":{"line":30,"column":10},"end":{"line":30,"column":52}},"type":"binary-expr","locations":[{"start":{"line":30,"column":10},"end":{"line":30,"column":23}},{"start":{"line":30,"column":27},"end":{"line":30,"column":52}}]},"2":{"loc":{"start":{"line":37,"column":6},"end":{"line":39,"column":7}},"type":"if","locations":[{"start":{"line":37,"column":6},"end":{"line":39,"column":7}}]}},"s":{"0":3,"1":3,"2":3,"3":3,"4":1,"5":1,"6":1,"7":1,"8":2,"9":2,"10":2,"11":1,"12":1,"13":1,"14":1,"15":1,"16":1,"17":0,"18":0,"19":0,"20":0,"21":0,"22":0,"23":0,"24":0,"25":0,"26":0,"27":0,"28":3,"29":3},"f":{"0":1,"1":2,"2":0,"3":0},"b":{"0":[1],"1":[2,2],"2":[1]}}
,"C:\\Users\\eduar\\Downloads\\Desafio2_Compass\\src\\shared\\clients\\melhor-envio.client.ts": {"path":"C:\\Users\\eduar\\Downloads\\Desafio2_Compass\\src\\shared\\clients\\melhor-envio.client.ts","statementMap":{"0":{"start":{"line":2,"column":0},"end":{"line":2,"column":52}},"1":{"start":{"line":3,"column":0},"end":{"line":3,"column":47}},"2":{"start":{"line":4,"column":0},"end":{"line":4,"column":45}},"3":{"start":{"line":13,"column":30},"end":{"line":99,"column":null}},"4":{"start":{"line":17,"column":22},"end":{"line":17,"column":37}},"5":{"start":{"line":14,"column":19},"end":{"line":14,"column":63}},"6":{"start":{"line":18,"column":4},"end":{"line":31,"column":7}},"7":{"start":{"line":35,"column":4},"end":{"line":44,"column":6}},"8":{"start":{"line":51,"column":4},"end":{"line":67,"column":5}},"9":{"start":{"line":52,"column":23},"end":{"line":61,"column":8}},"10":{"start":{"line":63,"column":6},"end":{"line":63,"column":54}},"11":{"start":{"line":65,"column":6},"end":{"line":65,"column":83}},"12":{"start":{"line":66,"column":6},"end":{"line":66,"column":16}},"13":{"start":{"line":71,"column":4},"end":{"line":97,"column":41}},"14":{"start":{"line":73,"column":25},"end":{"line":73,"column":62}},"15":{"start":{"line":74,"column":27},"end":{"line":74,"column":75}},"16":{"start":{"line":77,"column":8},"end":{"line":83,"column":9}},"17":{"start":{"line":78,"column":10},"end":{"line":78,"column":68}},"18":{"start":{"line":79,"column":15},"end":{"line":83,"column":9}},"19":{"start":{"line":80,"column":10},"end":{"line":80,"column":61}},"20":{"start":{"line":82,"column":10},"end":{"line":82,"column":39}},"21":{"start":{"line":85,"column":8},"end":{"line":89,"column":10}},"22":{"start":{"line":93,"column":10},"end":{"line":95,"column":47}},"23":{"start":{"line":97,"column":22},"end":{"line":97,"column":39}},"24":{"start":{"line":13,"column":13},"end":{"line":13,"column":30}},"25":{"start":{"line":13,"column":13},"end":{"line":99,"column":null}}},"fnMap":{"0":{"name":"(anonymous_3)","decl":{"start":{"line":17,"column":2},"end":{"line":17,"column":22}},"loc":{"start":{"line":17,"column":50},"end":{"line":32,"column":3}}},"1":{"name":"(anonymous_4)","decl":{"start":{"line":34,"column":10},"end":{"line":34,"column":28}},"loc":{"start":{"line":34,"column":28},"end":{"line":45,"column":3}}},"2":{"name":"(anonymous_5)","decl":{"start":{"line":47,"column":2},"end":{"line":47,"column":7}},"loc":{"start":{"line":49,"column":14},"end":{"line":68,"column":3}}},"3":{"name":"(anonymous_6)","decl":{"start":{"line":70,"column":10},"end":{"line":70,"column":30}},"loc":{"start":{"line":70,"column":42},"end":{"line":98,"column":3}}},"4":{"name":"(anonymous_7)","decl":{"start":{"line":72,"column":11},"end":{"line":72,"column":12}},"loc":{"start":{"line":72,"column":22},"end":{"line":90,"column":7}}},"5":{"name":"(anonymous_8)","decl":{"start":{"line":92,"column":8},"end":{"line":92,"column":9}},"loc":{"start":{"line":93,"column":10},"end":{"line":95,"column":47}}},"6":{"name":"(anonymous_9)","decl":{"start":{"line":97,"column":12},"end":{"line":97,"column":13}},"loc":{"start":{"line":97,"column":22},"end":{"line":97,"column":39}}}},"branchMap":{"0":{"loc":{"start":{"line":20,"column":8},"end":{"line":21,"column":43}},"type":"binary-expr","locations":[{"start":{"line":20,"column":8},"end":{"line":20,"column":63}},{"start":{"line":21,"column":8},"end":{"line":21,"column":43}}]},"1":{"loc":{"start":{"line":73,"column":25},"end":{"line":73,"column":62}},"type":"binary-expr","locations":[{"start":{"line":73,"column":25},"end":{"line":73,"column":36}},{"start":{"line":73,"column":40},"end":{"line":73,"column":62}}]},"2":{"loc":{"start":{"line":74,"column":34},"end":{"line":74,"column":74}},"type":"binary-expr","locations":[{"start":{"line":74,"column":34},"end":{"line":74,"column":53}},{"start":{"line":74,"column":57},"end":{"line":74,"column":69}},{"start":{"line":74,"column":73},"end":{"line":74,"column":74}}]},"3":{"loc":{"start":{"line":77,"column":8},"end":{"line":83,"column":9}},"type":"if","locations":[{"start":{"line":77,"column":8},"end":{"line":83,"column":9}},{"start":{"line":79,"column":15},"end":{"line":83,"column":9}}]},"4":{"loc":{"start":{"line":79,"column":15},"end":{"line":83,"column":9}},"type":"if","locations":[{"start":{"line":79,"column":15},"end":{"line":83,"column":9}},{"start":{"line":81,"column":15},"end":{"line":83,"column":9}}]},"5":{"loc":{"start":{"line":93,"column":10},"end":{"line":95,"column":47}},"type":"binary-expr","locations":[{"start":{"line":93,"column":10},"end":{"line":93,"column":26}},{"start":{"line":94,"column":10},"end":{"line":94,"column":48}},{"start":{"line":95,"column":10},"end":{"line":95,"column":47}}]}},"s":{"0":2,"1":2,"2":2,"3":2,"4":0,"5":0,"6":0,"7":0,"8":0,"9":0,"10":0,"11":0,"12":0,"13":0,"14":0,"15":0,"16":0,"17":0,"18":0,"19":0,"20":0,"21":0,"22":0,"23":0,"24":2,"25":2},"f":{"0":0,"1":0,"2":0,"3":0,"4":0,"5":0,"6":0},"b":{"0":[0,0],"1":[0,0],"2":[0,0,0],"3":[0,0],"4":[0,0],"5":[0,0,0]}}
,"C:\\Users\\eduar\\Downloads\\Desafio2_Compass\\src\\shared\\clients\\viacep.client.ts": {"path":"C:\\Users\\eduar\\Downloads\\Desafio2_Compass\\src\\shared\\clients\\viacep.client.ts","statementMap":{"0":{"start":{"line":2,"column":0},"end":{"line":2,"column":52}},"1":{"start":{"line":3,"column":0},"end":{"line":3,"column":45}},"2":{"start":{"line":14,"column":25},"end":{"line":53,"column":null}},"3":{"start":{"line":16,"column":19},"end":{"line":16,"column":58}},"4":{"start":{"line":20,"column":4},"end":{"line":20,"column":22}},"5":{"start":{"line":24,"column":4},"end":{"line":51,"column":5}},"6":{"start":{"line":26,"column":27},"end":{"line":26,"column":49}},"7":{"start":{"line":28,"column":23},"end":{"line":28,"column":91}},"8":{"start":{"line":31,"column":6},"end":{"line":33,"column":7}},"9":{"start":{"line":32,"column":8},"end":{"line":32,"column":40}},"10":{"start":{"line":35,"column":6},"end":{"line":43,"column":8}},"11":{"start":{"line":45,"column":6},"end":{"line":45,"column":60}},"12":{"start":{"line":47,"column":6},"end":{"line":49,"column":7}},"13":{"start":{"line":48,"column":8},"end":{"line":48,"column":58}},"14":{"start":{"line":50,"column":6},"end":{"line":50,"column":61}},"15":{"start":{"line":14,"column":13},"end":{"line":14,"column":25}},"16":{"start":{"line":14,"column":13},"end":{"line":53,"column":null}}},"fnMap":{"0":{"name":"(anonymous_3)","decl":{"start":{"line":18,"column":2},"end":{"line":18,"column":null}},"loc":{"start":{"line":18,"column":2},"end":{"line":21,"column":3}}},"1":{"name":"(anonymous_4)","decl":{"start":{"line":23,"column":2},"end":{"line":23,"column":7}},"loc":{"start":{"line":23,"column":30},"end":{"line":52,"column":3}}}},"branchMap":{"0":{"loc":{"start":{"line":31,"column":6},"end":{"line":33,"column":7}},"type":"if","locations":[{"start":{"line":31,"column":6},"end":{"line":33,"column":7}}]},"1":{"loc":{"start":{"line":31,"column":10},"end":{"line":31,"column":51}},"type":"binary-expr","locations":[{"start":{"line":31,"column":10},"end":{"line":31,"column":19}},{"start":{"line":31,"column":23},"end":{"line":31,"column":51}}]},"2":{"loc":{"start":{"line":40,"column":22},"end":{"line":42,"column":37}},"type":"cond-expr","locations":[{"start":{"line":41,"column":12},"end":{"line":41,"column":23}},{"start":{"line":42,"column":12},"end":{"line":42,"column":37}}]},"3":{"loc":{"start":{"line":40,"column":22},"end":{"line":40,"column":66}},"type":"binary-expr","locations":[{"start":{"line":40,"column":22},"end":{"line":40,"column":33}},{"start":{"line":40,"column":37},"end":{"line":40,"column":66}}]},"4":{"loc":{"start":{"line":47,"column":6},"end":{"line":49,"column":7}},"type":"if","locations":[{"start":{"line":47,"column":6},"end":{"line":49,"column":7}}]}},"s":{"0":4,"1":4,"2":4,"3":2,"4":2,"5":7,"6":7,"7":7,"8":5,"9":3,"10":2,"11":5,"12":5,"13":3,"14":2,"15":4,"16":4},"f":{"0":2,"1":7},"b":{"0":[3],"1":[5,3],"2":[0,2],"3":[2,0],"4":[3]}}
,"C:\\Users\\eduar\\Downloads\\Desafio2_Compass\\src\\shared\\utils\\cache.util.ts": {"path":"C:\\Users\\eduar\\Downloads\\Desafio2_Compass\\src\\shared\\utils\\cache.util.ts","statementMap":{"0":{"start":{"line":2,"column":0},"end":{"line":2,"column":44}},"1":{"start":{"line":3,"column":0},"end":{"line":3,"column":35}},"2":{"start":{"line":6,"column":7},"end":{"line":35,"column":null}},"3":{"start":{"line":10,"column":4},"end":{"line":13,"column":7}},"4":{"start":{"line":17,"column":4},"end":{"line":17,"column":34}},"5":{"start":{"line":21,"column":4},"end":{"line":21,"column":72}},"6":{"start":{"line":25,"column":4},"end":{"line":25,"column":31}},"7":{"start":{"line":29,"column":4},"end":{"line":29,"column":26}},"8":{"start":{"line":33,"column":4},"end":{"line":33,"column":29}},"9":{"start":{"line":6,"column":13},"end":{"line":6,"column":22}},"10":{"start":{"line":6,"column":13},"end":{"line":35,"column":null}}},"fnMap":{"0":{"name":"(anonymous_3)","decl":{"start":{"line":9,"column":2},"end":{"line":9,"column":null}},"loc":{"start":{"line":9,"column":2},"end":{"line":14,"column":3}}},"1":{"name":"(anonymous_4)","decl":{"start":{"line":16,"column":2},"end":{"line":16,"column":5}},"loc":{"start":{"line":16,"column":20},"end":{"line":18,"column":3}}},"2":{"name":"(anonymous_5)","decl":{"start":{"line":20,"column":2},"end":{"line":20,"column":5}},"loc":{"start":{"line":20,"column":44},"end":{"line":22,"column":3}}},"3":{"name":"(anonymous_6)","decl":{"start":{"line":24,"column":2},"end":{"line":24,"column":5}},"loc":{"start":{"line":24,"column":17},"end":{"line":26,"column":3}}},"4":{"name":"(anonymous_7)","decl":{"start":{"line":28,"column":2},"end":{"line":28,"column":7}},"loc":{"start":{"line":28,"column":7},"end":{"line":30,"column":3}}},"5":{"name":"(anonymous_8)","decl":{"start":{"line":32,"column":2},"end":{"line":32,"column":6}},"loc":{"start":{"line":32,"column":6},"end":{"line":34,"column":3}}}},"branchMap":{"0":{"loc":{"start":{"line":21,"column":38},"end":{"line":21,"column":70}},"type":"binary-expr","locations":[{"start":{"line":21,"column":38},"end":{"line":21,"column":41}},{"start":{"line":21,"column":45},"end":{"line":21,"column":70}}]}},"s":{"0":2,"1":2,"2":2,"3":0,"4":0,"5":0,"6":0,"7":0,"8":0,"9":2,"10":2},"f":{"0":0,"1":0,"2":0,"3":0,"4":0,"5":0},"b":{"0":[0,0]}}
}
