TN:
SF:src\modules\store\store.controller.ts
FN:11,(anonymous_4)
FN:20,(anonymous_5)
FN:34,(anonymous_6)
FN:50,(anonymous_7)
FN:69,(anonymous_8)
FNF:5
FNH:5
FNDA:4,(anonymous_4)
FNDA:1,(anonymous_5)
FNDA:1,(anonymous_6)
FNDA:1,(anonymous_7)
FNDA:1,(anonymous_8)
DA:2,1
DA:3,1
DA:4,1
DA:5,1
DA:6,1
DA:10,1
DA:11,4
DA:20,1
DA:21,1
DA:34,1
DA:35,1
DA:50,1
DA:51,1
DA:69,1
DA:70,1
LF:15
LH:15
BRF:0
BRH:0
end_of_record
TN:
SF:src\modules\store\store.service.ts
FN:19,(anonymous_4)
FN:31,(anonymous_5)
FN:33,(anonymous_6)
FN:36,(anonymous_7)
FN:41,(anonymous_8)
FN:43,(anonymous_9)
FN:46,(anonymous_10)
FN:59,(anonymous_11)
FN:84,(anonymous_12)
FN:93,(anonymous_13)
FN:104,(anonymous_14)
FN:110,(anonymous_15)
FN:128,(anonymous_16)
FNF:13
FNH:5
FNDA:3,(anonymous_4)
FNDA:1,(anonymous_5)
FNDA:1,(anonymous_6)
FNDA:1,(anonymous_7)
FNDA:0,(anonymous_8)
FNDA:0,(anonymous_9)
FNDA:0,(anonymous_10)
FNDA:0,(anonymous_11)
FNDA:0,(anonymous_12)
FNDA:2,(anonymous_13)
FNDA:0,(anonymous_14)
FNDA:0,(anonymous_15)
FNDA:0,(anonymous_16)
DA:2,2
DA:3,2
DA:4,2
DA:5,2
DA:6,2
DA:7,2
DA:8,2
DA:10,2
DA:11,2
DA:14,2
DA:15,3
DA:20,3
DA:21,3
DA:22,3
DA:23,3
DA:24,3
DA:25,3
DA:27,3
DA:28,3
DA:32,1
DA:33,1
DA:37,1
DA:38,1
DA:42,0
DA:43,0
DA:47,0
DA:48,0
DA:49,0
DA:50,0
DA:52,0
DA:53,0
DA:55,0
DA:57,0
DA:58,0
DA:60,0
DA:62,0
DA:63,0
DA:64,0
DA:66,0
DA:67,0
DA:71,0
DA:78,0
DA:79,0
DA:84,0
DA:85,0
DA:86,0
DA:88,0
DA:89,0
DA:94,2
DA:105,0
DA:111,0
DA:113,0
DA:114,0
DA:115,0
DA:116,0
DA:118,0
DA:119,0
DA:121,0
DA:129,0
DA:130,0
DA:132,0
DA:133,0
LF:62
LH:24
BRDA:47,0,0,0
BRDA:47,0,1,0
BRDA:50,1,0,0
BRDA:67,2,0,0
BRDA:67,2,1,0
BRDA:74,3,0,0
BRDA:74,3,1,0
BRDA:105,4,0,0
BRDA:105,4,1,0
BRDA:113,5,0,0
BRDA:113,5,1,0
BRDA:115,6,0,0
BRDA:115,6,1,0
BRDA:116,7,0,0
BRDA:116,7,1,0
BRDA:119,8,0,0
BRDA:119,8,1,0
BRDA:119,9,0,0
BRDA:119,9,1,0
BRF:19
BRH:0
end_of_record
TN:
SF:src\modules\store\dto\store-request.dto.ts
FNF:0
FNH:0
DA:2,1
DA:3,1
DA:4,1
DA:6,1
DA:13,1
DA:24,1
DA:33,1
LF:7
LH:7
BRF:0
BRH:0
end_of_record
TN:
SF:src\modules\store\dto\store-response.dto.ts
FNF:0
FNH:0
DA:2,1
DA:4,1
DA:10,1
DA:16,1
DA:22,1
DA:25,1
DA:30,1
DA:36,1
DA:42,1
DA:49,1
DA:55,1
DA:61,1
LF:12
LH:12
BRF:0
BRH:0
end_of_record
TN:
SF:src\modules\store\entities\store.entity.ts
FNF:0
FNH:0
DA:2,2
DA:5,2
DA:7,2
DA:10,2
DA:13,2
DA:16,2
DA:19,2
DA:22,2
DA:25,2
DA:28,2
DA:31,2
LF:11
LH:11
BRF:0
BRH:0
end_of_record
TN:
SF:src\shared\clients\google-maps.client.ts
FN:17,(anonymous_3)
FN:23,(anonymous_4)
FN:44,(anonymous_5)
FN:49,(anonymous_6)
FNF:4
FNH:2
FNDA:1,(anonymous_3)
FNDA:2,(anonymous_4)
FNDA:0,(anonymous_5)
FNDA:0,(anonymous_6)
DA:2,3
DA:3,3
DA:4,3
DA:12,3
DA:15,1
DA:17,1
DA:18,1
DA:20,1
DA:24,2
DA:25,2
DA:30,2
DA:31,1
DA:33,1
DA:34,1
DA:36,1
DA:37,1
DA:38,1
DA:40,0
DA:49,0
DA:50,0
DA:51,0
DA:52,0
DA:54,0
DA:59,0
DA:60,0
DA:62,0
DA:63,0
LF:27
LH:17
BRDA:30,0,0,1
BRDA:30,1,0,2
BRDA:30,1,1,2
BRDA:37,2,0,1
BRF:4
BRH:4
end_of_record
TN:
SF:src\shared\clients\melhor-envio.client.ts
FN:17,(anonymous_3)
FN:34,(anonymous_4)
FN:47,(anonymous_5)
FN:70,(anonymous_6)
FN:72,(anonymous_7)
FN:92,(anonymous_8)
FN:97,(anonymous_9)
FNF:7
FNH:0
FNDA:0,(anonymous_3)
FNDA:0,(anonymous_4)
FNDA:0,(anonymous_5)
FNDA:0,(anonymous_6)
FNDA:0,(anonymous_7)
FNDA:0,(anonymous_8)
FNDA:0,(anonymous_9)
DA:2,2
DA:3,2
DA:4,2
DA:13,2
DA:14,0
DA:17,0
DA:18,0
DA:35,0
DA:51,0
DA:52,0
DA:63,0
DA:65,0
DA:66,0
DA:71,0
DA:73,0
DA:74,0
DA:77,0
DA:78,0
DA:79,0
DA:80,0
DA:82,0
DA:85,0
DA:93,0
DA:97,0
LF:24
LH:4
BRDA:20,0,0,0
BRDA:20,0,1,0
BRDA:73,1,0,0
BRDA:73,1,1,0
BRDA:74,2,0,0
BRDA:74,2,1,0
BRDA:74,2,2,0
BRDA:77,3,0,0
BRDA:77,3,1,0
BRDA:79,4,0,0
BRDA:79,4,1,0
BRDA:93,5,0,0
BRDA:93,5,1,0
BRDA:93,5,2,0
BRF:14
BRH:0
end_of_record
TN:
SF:src\shared\clients\viacep.client.ts
FN:18,(anonymous_3)
FN:23,(anonymous_4)
FNF:2
FNH:2
FNDA:2,(anonymous_3)
FNDA:7,(anonymous_4)
DA:2,4
DA:3,4
DA:14,4
DA:16,2
DA:20,2
DA:24,7
DA:26,7
DA:28,7
DA:31,5
DA:32,3
DA:35,2
DA:45,5
DA:47,5
DA:48,3
DA:50,2
LF:15
LH:15
BRDA:31,0,0,3
BRDA:31,1,0,5
BRDA:31,1,1,3
BRDA:40,2,0,0
BRDA:40,2,1,2
BRDA:40,3,0,2
BRDA:40,3,1,0
BRDA:47,4,0,3
BRF:8
BRH:6
end_of_record
TN:
SF:src\shared\utils\cache.util.ts
FN:9,(anonymous_3)
FN:16,(anonymous_4)
FN:20,(anonymous_5)
FN:24,(anonymous_6)
FN:28,(anonymous_7)
FN:32,(anonymous_8)
FNF:6
FNH:0
FNDA:0,(anonymous_3)
FNDA:0,(anonymous_4)
FNDA:0,(anonymous_5)
FNDA:0,(anonymous_6)
FNDA:0,(anonymous_7)
FNDA:0,(anonymous_8)
DA:2,2
DA:3,2
DA:6,2
DA:10,0
DA:17,0
DA:21,0
DA:25,0
DA:29,0
DA:33,0
LF:9
LH:3
BRDA:21,0,0,0
BRDA:21,0,1,0
BRF:2
BRH:0
end_of_record
